#
# A fatal error has been detected by the Java Runtime Environment:
#
#  EXCEPTION_ACCESS_VIOLATION (0xc0000005) at pc=0x00007ffee24e7a12, pid=1376, tid=21620
#
# JRE version: Java(TM) SE Runtime Environment (23.0+37) (build 23+37-2369)
# Java VM: Java HotSpot(TM) 64-Bit Server VM (23+37-2369, mixed mode, sharing, tiered, compressed oops, compressed class ptrs, g1 gc, windows-amd64)
# Problematic frame:
# C  [igxelpicd64.dll+0xa7a12]
#
# No core dump will be written. Minidumps are not enabled by default on client versions of Windows
#
# If you would like to submit a bug report, please visit:
#   https://bugreport.java.com/bugreport/crash.jsp
#

---------------  S U M M A R Y ------------

Command Line: --add-exports=java.base/java.lang=ALL-UNNAMED --add-exports=java.desktop/sun.awt=ALL-UNNAMED --add-exports=java.desktop/sun.java2d=ALL-UNNAMED -javaagent:C:\Program Files\JetBrains\IntelliJ IDEA Community Edition 2024.2.3\lib\idea_rt.jar=53615:C:\Program Files\JetBrains\IntelliJ IDEA Community Edition 2024.2.3\bin -Dfile.encoding=UTF-8 -Dsun.stdout.encoding=UTF-8 -Dsun.stderr.encoding=UTF-8 MainGL

Host: 11th Gen Intel(R) Core(TM) i7-1165G7 @ 2.80GHz, 8 cores, 15G,  Windows 11 , 64 bit Build 22621 (10.0.22621.4391)
Time: Sat Jan  4 19:23:33 2025 Paris, Madrid elapsed time: 10.849906 seconds (0d 0h 0m 10s)

---------------  T H R E A D  ---------------

Current thread (0x000002097e666ac0):  VMThread "VM Thread"          [id=21620, stack(0x000000453ab00000,0x000000453ac00000) (1024K)]

Stack: [0x000000453ab00000,0x000000453ac00000],  sp=0x000000453abfe250,  free space=1016k
Native frames: (J=compiled Java code, j=interpreted, Vv=VM code, C=native code)
C  [igxelpicd64.dll+0xa7a12]  (no source info available)
C  [igxelpicd64.dll+0x8d5bf]  (no source info available)
C  [igxelpicd64.dll+0x2bf32c]  (no source info available)
C  [igxelpicd64.dll+0x892d7]  (no source info available)
C  [igxelpicd64.dll+0x3ad221]  (no source info available)
C  [igxelpicd64.dll+0x3ad3d3]  (no source info available)
C  [igxelpicd64.dll+0x68b8f]  (no source info available)
C  [igxelpicd64.dll+0x689bd]  (no source info available)
C  [igxelpicd64.dll+0x80604b]  (no source info available)
C  [ntdll.dll+0x28b8f]  (no source info available)
C  [ntdll.dll+0x51596]  (no source info available)
C  [ntdll.dll+0x5118d]  (no source info available)
C  [KERNEL32.DLL+0x17fcb]  (no source info available)
C  [ucrtbase.dll+0x1bed8]  (no source info available)
C  [ucrtbase.dll+0x1c099]  (no source info available)
V  [jvm.dll+0x6d98fc]  (no source info available)
V  [jvm.dll+0x6d9430]  (no source info available)
V  [jvm.dll+0x3da534]  (no source info available)
V  [jvm.dll+0x886500]  (no source info available)
V  [jvm.dll+0x887827]  (no source info available)
V  [jvm.dll+0x887d58]  (no source info available)
V  [jvm.dll+0x887ff3]  (no source info available)
V  [jvm.dll+0x824f1b]  (no source info available)
V  [jvm.dll+0x6df055]  (no source info available)
C  [ucrtbase.dll+0x29333]  (no source info available)
C  [KERNEL32.DLL+0x1259d]  (no source info available)
C  [ntdll.dll+0x5af38]  (no source info available)


siginfo: EXCEPTION_ACCESS_VIOLATION (0xc0000005), reading address 0x0000000000035898


Registers:
RAX=0x00000209564270f8, RBX=0x0000020956426ff0, RCX=0x0000000000000000, RDX=0x00000000fffffff0
RSP=0x000000453abfe250, RBP=0x0000000000000000, RSI=0x00000209564275c0, RDI=0x0000020954a45970
R8 =0x0000000000000014, R9 =0x0000000000000000, R10=0x0000000000000000, R11=0x0000000000000246
R12=0x0000020954bcf700, R13=0x0000000000000000, R14=0x0000000000013c00, R15=0x0000000000000016
RIP=0x00007ffee24e7a12, EFLAGS=0x0000000000010202


Register to memory mapping:

RAX=0x00000209564270f8 points into unknown readable memory: 0x0000000000013cb0 | b0 3c 01 00 00 00 00 00
RBX=0x0000020956426ff0 points into unknown readable memory: 0x000002095472ed10 | 10 ed 72 54 09 02 00 00
RCX=0x0 is null
RDX=0x00000000fffffff0 is an unknown value
RSP=0x000000453abfe250 points into unknown readable memory: 0x00000209541f6aa0 | a0 6a 1f 54 09 02 00 00
RBP=0x0 is null
RSI=0x00000209564275c0 points into unknown readable memory: 0x0000000000000000 | 00 00 00 00 00 00 00 00
RDI=0x0000020954a45970 points into unknown readable memory: 0x00007fff860d7000 | 00 70 0d 86 ff 7f 00 00
R8 =0x0000000000000014 is an unknown value
R9 =0x0 is null
R10=0x0 is null
R11=0x0000000000000246 is an unknown value
R12=0x0000020954bcf700 points into unknown readable memory: 0x0000000000000000 | 00 00 00 00 00 00 00 00
R13=0x0 is null
R14=0x0000000000013c00 is an unknown value
R15=0x0000000000000016 is an unknown value

Top of Stack: (sp=0x000000453abfe250)
0x000000453abfe250:   00000209541f6aa0 0000000000000000
0x000000453abfe260:   79ea0221b3e80320 00007fff86ff43e4
0x000000453abfe270:   d6ef0307fbee0333 9bf6033598f002ba
0x000000453abfe280:   74f8033113f70320 000001400007030a
0x000000453abfe290:   0000000000000013 0000000000013cc0
0x000000453abfe2a0:   0000b802366b0000 0000020954bcf798
0x000000453abfe2b0:   0000000000000000 0000000000000000
0x000000453abfe2c0:   000000453abfe3d0 00007ffee24cd5bf
0x000000453abfe2d0:   00000209541f6aa0 0000020954a45970
0x000000453abfe2e0:   0000004539f2a000 00007fff86f6dd00
0x000000453abfe2f0:   0000004500004c40 00007fff00000000
0x000000453abfe300:   0000000000000000 00007fff86f6d8a4
0x000000453abfe310:   000002096c100b28 00000000000000c0
0x000000453abfe320:   000002096c100b40 000002096c100afc
0x000000453abfe330:   000000453abfe448 000000453abfe688
0x000000453abfe340:   0000004539f13000 00007fff86f6dd06
0x000000453abfe350:   000002096c0f0000 0000000000000002
0x000000453abfe360:   0000000200000101 0000020954b9a840
0x000000453abfe370:   0000020959530000 0000000000000060
0x000000453abfe380:   0000b802366b0000 0000000000004c40
0x000000453abfe390:   0000000000000000 4000518000000001
0x000000453abfe3a0:   0000000000000000 0000000000000000
0x000000453abfe3b0:   0000000000000000 0000000000000000
0x000000453abfe3c0:   0000000000000000 0000000000000000
0x000000453abfe3d0:   0000000000000000 0000000000000000
0x000000453abfe3e0:   0000000000000000 0000000000000000
0x000000453abfe3f0:   0000000000000000 0000000000000000
0x000000453abfe400:   0000000000000000 0000000000000000
0x000000453abfe410:   0000000000000000 0000000000000000
0x000000453abfe420:   0000000000000000 0000000000000000
0x000000453abfe430:   0000000000000000 0000000000000000
0x000000453abfe440:   0000000000000000 0000000000000000 

Instructions: (pc=0x00007ffee24e7a12)
0x00007ffee24e7912:   8b fa 48 8b e9 48 8b 1d a2 c5 f1 00 48 89 58 08
0x00007ffee24e7922:   48 8b cb ff 15 fd 48 a9 00 90 4c 8b af 78 02 00
0x00007ffee24e7932:   00 48 8b 05 26 6a e1 00 44 8b b8 a0 0b 00 00 45
0x00007ffee24e7942:   33 d2 45 8a f2 4c 89 97 78 02 00 00 44 89 97 80
0x00007ffee24e7952:   02 00 00 4c 89 97 a0 02 00 00 4c 89 97 88 02 00
0x00007ffee24e7962:   00 48 85 ed 75 38 8b 35 32 9f f1 00 65 48 8b 04
0x00007ffee24e7972:   25 58 00 00 00 b9 14 00 00 00 48 8b 04 f0 44 38
0x00007ffee24e7982:   14 01 0f 84 56 a3 94 00 65 48 8b 04 25 58 00 00
0x00007ffee24e7992:   00 bd 20 00 00 00 48 8b 04 f0 48 8b 2c 28 48 3b
0x00007ffee24e79a2:   2d 89 ac f1 00 45 0f 44 fa 4d 85 ed 0f 84 2b 01
0x00007ffee24e79b2:   00 00 44 8a a4 24 90 00 00 00 49 8b dd 49 8d b5
0x00007ffee24e79c2:   d0 05 00 00 4c 8b 2e 45 84 e4 0f 85 39 03 00 00
0x00007ffee24e79d2:   44 8b 8f c8 01 00 00 48 8b 05 80 69 e1 00 83 b8
0x00007ffee24e79e2:   70 03 00 00 02 75 36 41 8d 51 f0 41 83 f9 10 0f
0x00007ffee24e79f2:   83 2d 01 00 00 4a 8d 04 cd 21 00 00 00 49 03 c1
0x00007ffee24e7a02:   48 8d 04 c3 48 85 c0 0f 85 03 01 00 00 49 8b ca
0x00007ffee24e7a12:   48 3b 8d 98 58 03 00 0f 87 ce a2 94 00 48 8d 93
0x00007ffee24e7a22:   08 01 00 00 4c 39 93 48 06 00 00 0f 85 39 a4 94
0x00007ffee24e7a32:   00 44 8b 9f c8 01 00 00 48 8b 87 e0 01 00 00 4c
0x00007ffee24e7a42:   8b 10 44 8b 87 c8 01 00 00 41 83 f8 10 0f 83 fc
0x00007ffee24e7a52:   00 00 00 4b 8d 0c c0 48 8d 04 ca 48 85 c0 0f 85
0x00007ffee24e7a62:   b5 00 00 00 33 c9 49 3b ca 0f 86 11 01 00 00 45
0x00007ffee24e7a72:   33 d2 48 8b 87 78 02 00 00 48 89 06 48 89 9f 78
0x00007ffee24e7a82:   02 00 00 ff 87 80 02 00 00 48 8b 43 08 48 8b 88
0x00007ffee24e7a92:   18 01 00 00 48 81 e1 00 00 ff ff 48 81 c1 00 00
0x00007ffee24e7aa2:   01 00 48 01 8f 88 02 00 00 48 8b 43 08 48 8b 88
0x00007ffee24e7ab2:   18 01 00 00 48 01 8f a0 02 00 00 4d 85 ed 0f 85
0x00007ffee24e7ac2:   f6 fe ff ff 45 84 f6 44 8a a4 24 98 00 00 00 0f
0x00007ffee24e7ad2:   85 e1 a3 94 00 48 8b 9c 24 80 00 00 00 48 8b cf
0x00007ffee24e7ae2:   45 84 e4 0f 85 30 02 00 00 e8 d0 fa ff ff 90 48
0x00007ffee24e7af2:   8b cb 48 8b 9c 24 88 00 00 00 48 83 c4 40 41 5f
0x00007ffee24e7b02:   41 5e 41 5d 41 5c 5f 5e 5d 48 ff 25 0e 47 a9 00 


Stack slot to memory mapping:

stack at sp + 0 slots: 0x00000209541f6aa0 points into unknown readable memory: 0xffffffffffffffff | ff ff ff ff ff ff ff ff
stack at sp + 1 slots: 0x0 is null
stack at sp + 2 slots: 0x79ea0221b3e80320 is an unknown value
stack at sp + 3 slots: 0x00007fff86ff43e4 ntdll.dll
stack at sp + 4 slots: 0xd6ef0307fbee0333 is an unknown value
stack at sp + 5 slots: 0x9bf6033598f002ba is an unknown value
stack at sp + 6 slots: 0x74f8033113f70320 is an unknown value
stack at sp + 7 slots: 0x000001400007030a is an unknown value

VM_Operation (0x000000453bafe340): Exit, mode: safepoint, requested by thread 0x0000020954beccd0


---------------  P R O C E S S  ---------------

Threads class SMR info:
_java_thread_list=0x0000020954251b10, length=16, elements={
0x000002097e67f440, 0x000002097e680600, 0x000002097e682a00, 0x000002097e6868f0,
0x000002097e6875f0, 0x000002097e689300, 0x000002097e6988d0, 0x000002097e699780,
0x000002095412fc60, 0x000002095425b610, 0x000002095425f600, 0x000002095457c8e0,
0x0000020954bec660, 0x0000020954beccd0, 0x0000020956545120, 0x000002096e662a40
}

Java Threads: ( => current thread )
  0x000002097e67f440 JavaThread "Reference Handler"          daemon [_thread_blocked, id=23820, stack(0x000000453ac00000,0x000000453ad00000) (1024K)]
  0x000002097e680600 JavaThread "Finalizer"                  daemon [_thread_blocked, id=4552, stack(0x000000453ad00000,0x000000453ae00000) (1024K)]
  0x000002097e682a00 JavaThread "Signal Dispatcher"          daemon [_thread_blocked, id=26320, stack(0x000000453ae00000,0x000000453af00000) (1024K)]
  0x000002097e6868f0 JavaThread "Attach Listener"            daemon [_thread_blocked, id=14708, stack(0x000000453af00000,0x000000453b000000) (1024K)]
  0x000002097e6875f0 JavaThread "Service Thread"             daemon [_thread_blocked, id=15116, stack(0x000000453b000000,0x000000453b100000) (1024K)]
  0x000002097e689300 JavaThread "Monitor Deflation Thread"   daemon [_thread_blocked, id=11384, stack(0x000000453b100000,0x000000453b200000) (1024K)]
  0x000002097e6988d0 JavaThread "C2 CompilerThread0"         daemon [_thread_blocked, id=7216, stack(0x000000453b200000,0x000000453b300000) (1024K)]
  0x000002097e699780 JavaThread "C1 CompilerThread0"         daemon [_thread_blocked, id=14796, stack(0x000000453b300000,0x000000453b400000) (1024K)]
  0x000002095412fc60 JavaThread "Common-Cleaner"             daemon [_thread_blocked, id=21036, stack(0x000000453b400000,0x000000453b500000) (1024K)]
  0x000002095425b610 JavaThread "Monitor Ctrl-Break"         daemon [_thread_in_native, id=8296, stack(0x000000453b500000,0x000000453b600000) (1024K)]
  0x000002095425f600 JavaThread "Notification Thread"        daemon [_thread_blocked, id=19960, stack(0x000000453b600000,0x000000453b700000) (1024K)]
  0x000002095457c8e0 JavaThread "Java2D Disposer"            daemon [_thread_blocked, id=6728, stack(0x000000453b700000,0x000000453b800000) (1024K)]
  0x0000020954bec660 JavaThread "AWT-Shutdown"                      [_thread_blocked, id=17476, stack(0x000000453b800000,0x000000453b900000) (1024K)]
  0x0000020954beccd0 JavaThread "AWT-EventQueue-0"                  [_thread_blocked, id=17524, stack(0x000000453ba00000,0x000000453bb00000) (1024K)]
  0x0000020956545120 JavaThread "main-AWTAnimator#00"               [_thread_blocked, id=11776, stack(0x000000453c700000,0x000000453c800000) (1024K)]
  0x000002096e662a40 JavaThread "DestroyJavaVM"                     [_thread_blocked, id=10036, stack(0x000000453a400000,0x000000453a500000) (1024K)]
Total: 16

Other Threads:
=>0x000002097e666ac0 VMThread "VM Thread"                           [id=21620, stack(0x000000453ab00000,0x000000453ac00000) (1024K)]
  0x000002096e6c5180 WorkerThread "GC Thread#0"                     [id=25136, stack(0x000000453a500000,0x000000453a600000) (1024K)]
  0x00000209566b59f0 WorkerThread "GC Thread#1"                     [id=15872, stack(0x000000453c000000,0x000000453c100000) (1024K)]
  0x00000209566b5da0 WorkerThread "GC Thread#2"                     [id=20440, stack(0x000000453c100000,0x000000453c200000) (1024K)]
  0x00000209566b6150 WorkerThread "GC Thread#3"                     [id=15916, stack(0x000000453c200000,0x000000453c300000) (1024K)]
  0x00000209566b6500 WorkerThread "GC Thread#4"                     [id=12296, stack(0x000000453c300000,0x000000453c400000) (1024K)]
  0x00000209566b68b0 WorkerThread "GC Thread#5"                     [id=13320, stack(0x000000453c400000,0x000000453c500000) (1024K)]
  0x000002095687e410 WorkerThread "GC Thread#6"                     [id=3656, stack(0x000000453c500000,0x000000453c600000) (1024K)]
  0x00000209566c2350 WorkerThread "GC Thread#7"                     [id=20708, stack(0x000000453c600000,0x000000453c700000) (1024K)]
  0x000002096e6d9b50 ConcurrentGCThread "G1 Main Marker"            terminated
  0x000002096c31e840 WorkerThread "G1 Conc#0"                       [id=21408, stack(0x000000453a700000,0x000000453a800000) (1024K)]
  0x000002096e71e630 ConcurrentGCThread "G1 Refine#0"               terminated
  0x000002097e526310 ConcurrentGCThread "G1 Service"                terminated
Total: 13

Threads with active compile tasks:
Total: 0

VM state: at safepoint (shutting down)

VM Mutex/Monitor currently owned by a thread:  ([mutex/lock_event])
[0x00007ffee4143910] Threads_lock - owner thread: 0x000002097e666ac0
[0x00007ffee4143a10] Heap_lock - owner thread: 0x0000020954beccd0

Heap address: 0x0000000704c00000, size: 4020 MB, Compressed Oops mode: Zero based, Oop shift amount: 3

CDS archive(s) mapped at: [0x000002090f000000-0x000002090fd70000-0x000002090fd70000), size 14090240, SharedBaseAddress: 0x000002090f000000, ArchiveRelocationMode: 1.
Compressed class space mapped at: 0x0000020910000000-0x0000020950000000, reserved size: 1073741824
Narrow klass base: 0x000002090f000000, Narrow klass shift: 0, Narrow klass range: 0x41000000

GC Precious Log:
 CardTable entry size: 512
 Card Set container configuration: InlinePtr #cards 4 size 8 Array Of Cards #cards 16 size 48 Howl #buckets 8 coarsen threshold 3686 Howl Bitmap #cards 512 size 80 coarsen threshold 460 Card regions per heap region 1 cards per card region 4096
 CPUs: 8 total, 8 available
 Memory: 16075M
 Large Page Support: Disabled
 NUMA Support: Disabled
 Compressed Oops: Enabled (Zero based)
 Heap Region Size: 2M
 Heap Min Capacity: 8M
 Heap Initial Capacity: 252M
 Heap Max Capacity: 4020M
 Pre-touch: Disabled
 Parallel Workers: 8
 Concurrent Workers: 2
 Concurrent Refinement Workers: 8
 Periodic GC: Disabled

Heap:
 garbage-first heap   total reserved 4116480K, committed 258048K, used 32085K [0x0000000704c00000, 0x0000000800000000)
  region size 2048K, 10 young (20480K), 2 survivors (4096K)
 Metaspace       used 13882K, committed 14144K, reserved 1114112K
  class space    used 1219K, committed 1344K, reserved 1048576K

Heap Regions: E=young(eden), S=young(survivor), O=old, HS=humongous(starts), HC=humongous(continues), CS=collection set, F=free, TAMS=top-at-mark-start, PB=parsable bottom
|   0|0x0000000704c00000, 0x0000000704e00000, 0x0000000704e00000|100%|HS|  |TAMS 0x0000000704c00000| PB 0x0000000704c00000| Complete |  0
|   1|0x0000000704e00000, 0x0000000705000000, 0x0000000705000000|100%|HC|  |TAMS 0x0000000704e00000| PB 0x0000000704e00000| Complete |  0
|   2|0x0000000705000000, 0x0000000705200000, 0x0000000705200000|100%|HC|  |TAMS 0x0000000705000000| PB 0x0000000705000000| Complete |  0
|   3|0x0000000705200000, 0x0000000705400000, 0x0000000705400000|100%|HS|  |TAMS 0x0000000705200000| PB 0x0000000705200000| Complete |  0
|   4|0x0000000705400000, 0x0000000705600000, 0x0000000705600000|100%|HC|  |TAMS 0x0000000705400000| PB 0x0000000705400000| Complete |  0
|   5|0x0000000705600000, 0x0000000705800000, 0x0000000705800000|100%|HC|  |TAMS 0x0000000705600000| PB 0x0000000705600000| Complete |  0
|   6|0x0000000705800000, 0x0000000705a00000, 0x0000000705a00000|100%|HC|  |TAMS 0x0000000705800000| PB 0x0000000705800000| Complete |  0
|   7|0x0000000705a00000, 0x0000000705a00000, 0x0000000705c00000|  0%| F|  |TAMS 0x0000000705a00000| PB 0x0000000705a00000| Untracked |  0
|   8|0x0000000705c00000, 0x0000000705c00000, 0x0000000705e00000|  0%| F|  |TAMS 0x0000000705c00000| PB 0x0000000705c00000| Untracked |  0
|   9|0x0000000705e00000, 0x0000000705e00000, 0x0000000706000000|  0%| F|  |TAMS 0x0000000705e00000| PB 0x0000000705e00000| Untracked |  0
|  10|0x0000000706000000, 0x0000000706000000, 0x0000000706200000|  0%| F|  |TAMS 0x0000000706000000| PB 0x0000000706000000| Untracked |  0
|  11|0x0000000706200000, 0x0000000706200000, 0x0000000706400000|  0%| F|  |TAMS 0x0000000706200000| PB 0x0000000706200000| Untracked |  0
|  12|0x0000000706400000, 0x0000000706400000, 0x0000000706600000|  0%| F|  |TAMS 0x0000000706400000| PB 0x0000000706400000| Untracked |  0
|  13|0x0000000706600000, 0x0000000706600000, 0x0000000706800000|  0%| F|  |TAMS 0x0000000706600000| PB 0x0000000706600000| Untracked |  0
|  14|0x0000000706800000, 0x0000000706800000, 0x0000000706a00000|  0%| F|  |TAMS 0x0000000706800000| PB 0x0000000706800000| Untracked |  0
|  15|0x0000000706a00000, 0x0000000706a00000, 0x0000000706c00000|  0%| F|  |TAMS 0x0000000706a00000| PB 0x0000000706a00000| Untracked |  0
|  16|0x0000000706c00000, 0x0000000706c00000, 0x0000000706e00000|  0%| F|  |TAMS 0x0000000706c00000| PB 0x0000000706c00000| Untracked |  0
|  17|0x0000000706e00000, 0x0000000706e00000, 0x0000000707000000|  0%| F|  |TAMS 0x0000000706e00000| PB 0x0000000706e00000| Untracked |  0
|  18|0x0000000707000000, 0x0000000707000000, 0x0000000707200000|  0%| F|  |TAMS 0x0000000707000000| PB 0x0000000707000000| Untracked |  0
|  19|0x0000000707200000, 0x0000000707200000, 0x0000000707400000|  0%| F|  |TAMS 0x0000000707200000| PB 0x0000000707200000| Untracked |  0
|  20|0x0000000707400000, 0x0000000707400000, 0x0000000707600000|  0%| F|  |TAMS 0x0000000707400000| PB 0x0000000707400000| Untracked |  0
|  21|0x0000000707600000, 0x0000000707600000, 0x0000000707800000|  0%| F|  |TAMS 0x0000000707600000| PB 0x0000000707600000| Untracked |  0
|  22|0x0000000707800000, 0x0000000707800000, 0x0000000707a00000|  0%| F|  |TAMS 0x0000000707800000| PB 0x0000000707800000| Untracked |  0
|  23|0x0000000707a00000, 0x0000000707a00000, 0x0000000707c00000|  0%| F|  |TAMS 0x0000000707a00000| PB 0x0000000707a00000| Untracked |  0
|  24|0x0000000707c00000, 0x0000000707c00000, 0x0000000707e00000|  0%| F|  |TAMS 0x0000000707c00000| PB 0x0000000707c00000| Untracked |  0
|  25|0x0000000707e00000, 0x0000000707e00000, 0x0000000708000000|  0%| F|  |TAMS 0x0000000707e00000| PB 0x0000000707e00000| Untracked |  0
|  26|0x0000000708000000, 0x0000000708000000, 0x0000000708200000|  0%| F|  |TAMS 0x0000000708000000| PB 0x0000000708000000| Untracked |  0
|  27|0x0000000708200000, 0x0000000708200000, 0x0000000708400000|  0%| F|  |TAMS 0x0000000708200000| PB 0x0000000708200000| Untracked |  0
|  28|0x0000000708400000, 0x0000000708400000, 0x0000000708600000|  0%| F|  |TAMS 0x0000000708400000| PB 0x0000000708400000| Untracked |  0
|  29|0x0000000708600000, 0x0000000708600000, 0x0000000708800000|  0%| F|  |TAMS 0x0000000708600000| PB 0x0000000708600000| Untracked |  0
|  30|0x0000000708800000, 0x0000000708800000, 0x0000000708a00000|  0%| F|  |TAMS 0x0000000708800000| PB 0x0000000708800000| Untracked |  0
|  31|0x0000000708a00000, 0x0000000708a00000, 0x0000000708c00000|  0%| F|  |TAMS 0x0000000708a00000| PB 0x0000000708a00000| Untracked |  0
|  32|0x0000000708c00000, 0x0000000708c00000, 0x0000000708e00000|  0%| F|  |TAMS 0x0000000708c00000| PB 0x0000000708c00000| Untracked |  0
|  33|0x0000000708e00000, 0x0000000708e00000, 0x0000000709000000|  0%| F|  |TAMS 0x0000000708e00000| PB 0x0000000708e00000| Untracked |  0
|  34|0x0000000709000000, 0x0000000709000000, 0x0000000709200000|  0%| F|  |TAMS 0x0000000709000000| PB 0x0000000709000000| Untracked |  0
|  35|0x0000000709200000, 0x0000000709200000, 0x0000000709400000|  0%| F|  |TAMS 0x0000000709200000| PB 0x0000000709200000| Untracked |  0
|  36|0x0000000709400000, 0x0000000709400000, 0x0000000709600000|  0%| F|  |TAMS 0x0000000709400000| PB 0x0000000709400000| Untracked |  0
|  37|0x0000000709600000, 0x0000000709600000, 0x0000000709800000|  0%| F|  |TAMS 0x0000000709600000| PB 0x0000000709600000| Untracked |  0
|  38|0x0000000709800000, 0x0000000709800000, 0x0000000709a00000|  0%| F|  |TAMS 0x0000000709800000| PB 0x0000000709800000| Untracked |  0
|  39|0x0000000709a00000, 0x0000000709a00000, 0x0000000709c00000|  0%| F|  |TAMS 0x0000000709a00000| PB 0x0000000709a00000| Untracked |  0
|  40|0x0000000709c00000, 0x0000000709c00000, 0x0000000709e00000|  0%| F|  |TAMS 0x0000000709c00000| PB 0x0000000709c00000| Untracked |  0
|  41|0x0000000709e00000, 0x0000000709e00000, 0x000000070a000000|  0%| F|  |TAMS 0x0000000709e00000| PB 0x0000000709e00000| Untracked |  0
|  42|0x000000070a000000, 0x000000070a000000, 0x000000070a200000|  0%| F|  |TAMS 0x000000070a000000| PB 0x000000070a000000| Untracked |  0
|  43|0x000000070a200000, 0x000000070a200000, 0x000000070a400000|  0%| F|  |TAMS 0x000000070a200000| PB 0x000000070a200000| Untracked |  0
|  44|0x000000070a400000, 0x000000070a400000, 0x000000070a600000|  0%| F|  |TAMS 0x000000070a400000| PB 0x000000070a400000| Untracked |  0
|  45|0x000000070a600000, 0x000000070a600000, 0x000000070a800000|  0%| F|  |TAMS 0x000000070a600000| PB 0x000000070a600000| Untracked |  0
|  46|0x000000070a800000, 0x000000070a800000, 0x000000070aa00000|  0%| F|  |TAMS 0x000000070a800000| PB 0x000000070a800000| Untracked |  0
|  47|0x000000070aa00000, 0x000000070aa00000, 0x000000070ac00000|  0%| F|  |TAMS 0x000000070aa00000| PB 0x000000070aa00000| Untracked |  0
|  48|0x000000070ac00000, 0x000000070ac00000, 0x000000070ae00000|  0%| F|  |TAMS 0x000000070ac00000| PB 0x000000070ac00000| Untracked |  0
|  49|0x000000070ae00000, 0x000000070ae00000, 0x000000070b000000|  0%| F|  |TAMS 0x000000070ae00000| PB 0x000000070ae00000| Untracked |  0
|  50|0x000000070b000000, 0x000000070b000000, 0x000000070b200000|  0%| F|  |TAMS 0x000000070b000000| PB 0x000000070b000000| Untracked |  0
|  51|0x000000070b200000, 0x000000070b200000, 0x000000070b400000|  0%| F|  |TAMS 0x000000070b200000| PB 0x000000070b200000| Untracked |  0
|  52|0x000000070b400000, 0x000000070b400000, 0x000000070b600000|  0%| F|  |TAMS 0x000000070b400000| PB 0x000000070b400000| Untracked |  0
|  53|0x000000070b600000, 0x000000070b600000, 0x000000070b800000|  0%| F|  |TAMS 0x000000070b600000| PB 0x000000070b600000| Untracked |  0
|  54|0x000000070b800000, 0x000000070b800000, 0x000000070ba00000|  0%| F|  |TAMS 0x000000070b800000| PB 0x000000070b800000| Untracked |  0
|  55|0x000000070ba00000, 0x000000070ba00000, 0x000000070bc00000|  0%| F|  |TAMS 0x000000070ba00000| PB 0x000000070ba00000| Untracked |  0
|  56|0x000000070bc00000, 0x000000070bc00000, 0x000000070be00000|  0%| F|  |TAMS 0x000000070bc00000| PB 0x000000070bc00000| Untracked |  0
|  57|0x000000070be00000, 0x000000070be00000, 0x000000070c000000|  0%| F|  |TAMS 0x000000070be00000| PB 0x000000070be00000| Untracked |  0
|  58|0x000000070c000000, 0x000000070c000000, 0x000000070c200000|  0%| F|  |TAMS 0x000000070c000000| PB 0x000000070c000000| Untracked |  0
|  59|0x000000070c200000, 0x000000070c200000, 0x000000070c400000|  0%| F|  |TAMS 0x000000070c200000| PB 0x000000070c200000| Untracked |  0
|  60|0x000000070c400000, 0x000000070c400000, 0x000000070c600000|  0%| F|  |TAMS 0x000000070c400000| PB 0x000000070c400000| Untracked |  0
|  61|0x000000070c600000, 0x000000070c600000, 0x000000070c800000|  0%| F|  |TAMS 0x000000070c600000| PB 0x000000070c600000| Untracked |  0
|  62|0x000000070c800000, 0x000000070c800000, 0x000000070ca00000|  0%| F|  |TAMS 0x000000070c800000| PB 0x000000070c800000| Untracked |  0
|  63|0x000000070ca00000, 0x000000070ca00000, 0x000000070cc00000|  0%| F|  |TAMS 0x000000070ca00000| PB 0x000000070ca00000| Untracked |  0
|  64|0x000000070cc00000, 0x000000070cc00000, 0x000000070ce00000|  0%| F|  |TAMS 0x000000070cc00000| PB 0x000000070cc00000| Untracked |  0
|  65|0x000000070ce00000, 0x000000070ce00000, 0x000000070d000000|  0%| F|  |TAMS 0x000000070ce00000| PB 0x000000070ce00000| Untracked |  0
|  66|0x000000070d000000, 0x000000070d000000, 0x000000070d200000|  0%| F|  |TAMS 0x000000070d000000| PB 0x000000070d000000| Untracked |  0
|  67|0x000000070d200000, 0x000000070d200000, 0x000000070d400000|  0%| F|  |TAMS 0x000000070d200000| PB 0x000000070d200000| Untracked |  0
|  68|0x000000070d400000, 0x000000070d400000, 0x000000070d600000|  0%| F|  |TAMS 0x000000070d400000| PB 0x000000070d400000| Untracked |  0
|  69|0x000000070d600000, 0x000000070d600000, 0x000000070d800000|  0%| F|  |TAMS 0x000000070d600000| PB 0x000000070d600000| Untracked |  0
|  70|0x000000070d800000, 0x000000070d800000, 0x000000070da00000|  0%| F|  |TAMS 0x000000070d800000| PB 0x000000070d800000| Untracked |  0
|  71|0x000000070da00000, 0x000000070da00000, 0x000000070dc00000|  0%| F|  |TAMS 0x000000070da00000| PB 0x000000070da00000| Untracked |  0
|  72|0x000000070dc00000, 0x000000070dc00000, 0x000000070de00000|  0%| F|  |TAMS 0x000000070dc00000| PB 0x000000070dc00000| Untracked |  0
|  73|0x000000070de00000, 0x000000070de00000, 0x000000070e000000|  0%| F|  |TAMS 0x000000070de00000| PB 0x000000070de00000| Untracked |  0
|  74|0x000000070e000000, 0x000000070e000000, 0x000000070e200000|  0%| F|  |TAMS 0x000000070e000000| PB 0x000000070e000000| Untracked |  0
|  75|0x000000070e200000, 0x000000070e200000, 0x000000070e400000|  0%| F|  |TAMS 0x000000070e200000| PB 0x000000070e200000| Untracked |  0
|  76|0x000000070e400000, 0x000000070e400000, 0x000000070e600000|  0%| F|  |TAMS 0x000000070e400000| PB 0x000000070e400000| Untracked |  0
|  77|0x000000070e600000, 0x000000070e600000, 0x000000070e800000|  0%| F|  |TAMS 0x000000070e600000| PB 0x000000070e600000| Untracked |  0
|  78|0x000000070e800000, 0x000000070e800000, 0x000000070ea00000|  0%| F|  |TAMS 0x000000070e800000| PB 0x000000070e800000| Untracked |  0
|  79|0x000000070ea00000, 0x000000070ea00000, 0x000000070ec00000|  0%| F|  |TAMS 0x000000070ea00000| PB 0x000000070ea00000| Untracked |  0
|  80|0x000000070ec00000, 0x000000070ec00000, 0x000000070ee00000|  0%| F|  |TAMS 0x000000070ec00000| PB 0x000000070ec00000| Untracked |  0
|  81|0x000000070ee00000, 0x000000070ee00000, 0x000000070f000000|  0%| F|  |TAMS 0x000000070ee00000| PB 0x000000070ee00000| Untracked |  0
|  82|0x000000070f000000, 0x000000070f000000, 0x000000070f200000|  0%| F|  |TAMS 0x000000070f000000| PB 0x000000070f000000| Untracked |  0
|  83|0x000000070f200000, 0x000000070f200000, 0x000000070f400000|  0%| F|  |TAMS 0x000000070f200000| PB 0x000000070f200000| Untracked |  0
|  84|0x000000070f400000, 0x000000070f400000, 0x000000070f600000|  0%| F|  |TAMS 0x000000070f400000| PB 0x000000070f400000| Untracked |  0
|  85|0x000000070f600000, 0x000000070f600000, 0x000000070f800000|  0%| F|  |TAMS 0x000000070f600000| PB 0x000000070f600000| Untracked |  0
|  86|0x000000070f800000, 0x000000070f800000, 0x000000070fa00000|  0%| F|  |TAMS 0x000000070f800000| PB 0x000000070f800000| Untracked |  0
|  87|0x000000070fa00000, 0x000000070fa00000, 0x000000070fc00000|  0%| F|  |TAMS 0x000000070fa00000| PB 0x000000070fa00000| Untracked |  0
|  88|0x000000070fc00000, 0x000000070fc00000, 0x000000070fe00000|  0%| F|  |TAMS 0x000000070fc00000| PB 0x000000070fc00000| Untracked |  0
|  89|0x000000070fe00000, 0x000000070fe00000, 0x0000000710000000|  0%| F|  |TAMS 0x000000070fe00000| PB 0x000000070fe00000| Untracked |  0
|  90|0x0000000710000000, 0x0000000710000000, 0x0000000710200000|  0%| F|  |TAMS 0x0000000710000000| PB 0x0000000710000000| Untracked |  0
|  91|0x0000000710200000, 0x0000000710200000, 0x0000000710400000|  0%| F|  |TAMS 0x0000000710200000| PB 0x0000000710200000| Untracked |  0
|  92|0x0000000710400000, 0x0000000710400000, 0x0000000710600000|  0%| F|  |TAMS 0x0000000710400000| PB 0x0000000710400000| Untracked |  0
|  93|0x0000000710600000, 0x0000000710600000, 0x0000000710800000|  0%| F|  |TAMS 0x0000000710600000| PB 0x0000000710600000| Untracked |  0
|  94|0x0000000710800000, 0x0000000710800000, 0x0000000710a00000|  0%| F|  |TAMS 0x0000000710800000| PB 0x0000000710800000| Untracked |  0
|  95|0x0000000710a00000, 0x0000000710a00000, 0x0000000710c00000|  0%| F|  |TAMS 0x0000000710a00000| PB 0x0000000710a00000| Untracked |  0
|  96|0x0000000710c00000, 0x0000000710c00000, 0x0000000710e00000|  0%| F|  |TAMS 0x0000000710c00000| PB 0x0000000710c00000| Untracked |  0
|  97|0x0000000710e00000, 0x0000000710e00000, 0x0000000711000000|  0%| F|  |TAMS 0x0000000710e00000| PB 0x0000000710e00000| Untracked |  0
|  98|0x0000000711000000, 0x0000000711000000, 0x0000000711200000|  0%| F|  |TAMS 0x0000000711000000| PB 0x0000000711000000| Untracked |  0
|  99|0x0000000711200000, 0x0000000711200000, 0x0000000711400000|  0%| F|  |TAMS 0x0000000711200000| PB 0x0000000711200000| Untracked |  0
| 100|0x0000000711400000, 0x0000000711400000, 0x0000000711600000|  0%| F|  |TAMS 0x0000000711400000| PB 0x0000000711400000| Untracked |  0
| 101|0x0000000711600000, 0x0000000711600000, 0x0000000711800000|  0%| F|  |TAMS 0x0000000711600000| PB 0x0000000711600000| Untracked |  0
| 102|0x0000000711800000, 0x0000000711800000, 0x0000000711a00000|  0%| F|  |TAMS 0x0000000711800000| PB 0x0000000711800000| Untracked |  0
| 103|0x0000000711a00000, 0x0000000711a00000, 0x0000000711c00000|  0%| F|  |TAMS 0x0000000711a00000| PB 0x0000000711a00000| Untracked |  0
| 104|0x0000000711c00000, 0x0000000711c00000, 0x0000000711e00000|  0%| F|  |TAMS 0x0000000711c00000| PB 0x0000000711c00000| Untracked |  0
| 105|0x0000000711e00000, 0x0000000711e00000, 0x0000000712000000|  0%| F|  |TAMS 0x0000000711e00000| PB 0x0000000711e00000| Untracked |  0
| 106|0x0000000712000000, 0x0000000712000000, 0x0000000712200000|  0%| F|  |TAMS 0x0000000712000000| PB 0x0000000712000000| Untracked |  0
| 107|0x0000000712200000, 0x0000000712200000, 0x0000000712400000|  0%| F|  |TAMS 0x0000000712200000| PB 0x0000000712200000| Untracked |  0
| 108|0x0000000712400000, 0x0000000712400000, 0x0000000712600000|  0%| F|  |TAMS 0x0000000712400000| PB 0x0000000712400000| Untracked |  0
| 109|0x0000000712600000, 0x0000000712600000, 0x0000000712800000|  0%| F|  |TAMS 0x0000000712600000| PB 0x0000000712600000| Untracked |  0
| 110|0x0000000712800000, 0x0000000712800000, 0x0000000712a00000|  0%| F|  |TAMS 0x0000000712800000| PB 0x0000000712800000| Untracked |  0
| 111|0x0000000712a00000, 0x0000000712a00000, 0x0000000712c00000|  0%| F|  |TAMS 0x0000000712a00000| PB 0x0000000712a00000| Untracked |  0
| 112|0x0000000712c00000, 0x0000000712d55500, 0x0000000712e00000| 66%| S|CS|TAMS 0x0000000712c00000| PB 0x0000000712c00000| Complete |  0
| 113|0x0000000712e00000, 0x0000000713000000, 0x0000000713000000|100%| S|CS|TAMS 0x0000000712e00000| PB 0x0000000712e00000| Complete |  0
| 114|0x0000000713000000, 0x0000000713000000, 0x0000000713200000|  0%| F|  |TAMS 0x0000000713000000| PB 0x0000000713000000| Untracked |  0
| 115|0x0000000713200000, 0x0000000713200000, 0x0000000713400000|  0%| F|  |TAMS 0x0000000713200000| PB 0x0000000713200000| Untracked |  0
| 116|0x0000000713400000, 0x0000000713400000, 0x0000000713600000|  0%| F|  |TAMS 0x0000000713400000| PB 0x0000000713400000| Untracked |  0
| 117|0x0000000713600000, 0x0000000713600000, 0x0000000713800000|  0%| F|  |TAMS 0x0000000713600000| PB 0x0000000713600000| Untracked |  0
| 118|0x0000000713800000, 0x0000000713933558, 0x0000000713a00000| 60%| E|  |TAMS 0x0000000713800000| PB 0x0000000713800000| Complete |  0
| 119|0x0000000713a00000, 0x0000000713c00000, 0x0000000713c00000|100%| E|CS|TAMS 0x0000000713a00000| PB 0x0000000713a00000| Complete |  0
| 120|0x0000000713c00000, 0x0000000713e00000, 0x0000000713e00000|100%| E|CS|TAMS 0x0000000713c00000| PB 0x0000000713c00000| Complete |  0
| 121|0x0000000713e00000, 0x0000000714000000, 0x0000000714000000|100%| E|CS|TAMS 0x0000000713e00000| PB 0x0000000713e00000| Complete |  0
| 122|0x0000000714000000, 0x0000000714200000, 0x0000000714200000|100%| E|CS|TAMS 0x0000000714000000| PB 0x0000000714000000| Complete |  0
| 123|0x0000000714200000, 0x0000000714400000, 0x0000000714400000|100%| E|CS|TAMS 0x0000000714200000| PB 0x0000000714200000| Complete |  0
| 124|0x0000000714400000, 0x0000000714600000, 0x0000000714600000|100%| E|CS|TAMS 0x0000000714400000| PB 0x0000000714400000| Complete |  0
| 125|0x0000000714600000, 0x0000000714800000, 0x0000000714800000|100%| E|CS|TAMS 0x0000000714600000| PB 0x0000000714600000| Complete |  0

Card table byte_map: [0x00000209779b0000,0x0000020978190000] _byte_map_base: 0x000002097418a000

Marking Bits: (CMBitMap*) 0x000002096e6c5890
 Bits: [0x0000020978190000, 0x000002097c060000)

Polling page: 0x000002096c460000

Metaspace:

Usage:
  Non-class:     12.37 MB used.
      Class:      1.19 MB used.
       Both:     13.56 MB used.

Virtual space:
  Non-class space:       64.00 MB reserved,      12.50 MB ( 20%) committed,  1 nodes.
      Class space:        1.00 GB reserved,       1.31 MB ( <1%) committed,  1 nodes.
             Both:        1.06 GB reserved,      13.81 MB (  1%) committed. 

Chunk freelists:
   Non-Class:  2.77 MB
       Class:  14.69 MB
        Both:  17.45 MB

MaxMetaspaceSize: unlimited
CompressedClassSpaceSize: 1.00 GB
Initial GC threshold: 21.00 MB
Current GC threshold: 21.00 MB
CDS: on
 - commit_granule_bytes: 65536.
 - commit_granule_words: 8192.
 - virtual_space_node_default_size: 8388608.
 - enlarge_chunks_in_place: 1.
 - use_allocation_guard: 0.


Internal statistics:

num_allocs_failed_limit: 0.
num_arena_births: 236.
num_arena_deaths: 0.
num_vsnodes_births: 2.
num_vsnodes_deaths: 0.
num_space_committed: 219.
num_space_uncommitted: 0.
num_chunks_returned_to_freelist: 0.
num_chunks_taken_from_freelist: 505.
num_chunk_merges: 0.
num_chunk_splits: 320.
num_chunks_enlarged: 193.
num_inconsistent_stats: 0.

CodeHeap 'non-profiled nmethods': size=120064Kb used=615Kb max_used=615Kb free=119448Kb
 bounds [0x0000020907ac0000, 0x0000020907d30000, 0x000002090f000000]
CodeHeap 'profiled nmethods': size=120000Kb used=2532Kb max_used=2532Kb free=117467Kb
 bounds [0x0000020900000000, 0x0000020900280000, 0x0000020907530000]
CodeHeap 'non-nmethods': size=5696Kb used=2201Kb max_used=2217Kb free=3494Kb
 bounds [0x0000020907530000, 0x00000209077a0000, 0x0000020907ac0000]
CodeCache: size=245760Kb, used=5348Kb, max_used=5364Kb, free=240409Kb
 total_blobs=2821, nmethods=1837, adapters=890, full_count=0
Compilation: enabled, stopped_count=0, restarted_count=0

Compilation events (20 events):
Event: 9.710 Thread 0x000002097e6988d0 1828       4       jdk.internal.misc.Unsafe::getIntUnaligned (12 bytes)
Event: 9.712 Thread 0x000002097e6988d0 nmethod 1828 0x0000020907b59208 code [0x0000020907b59300, 0x0000020907b59388]
Event: 9.748 Thread 0x000002097e6988d0 1829       4       jogamp.opengl.gl4.GL4bcImpl::glGetIntegerv (119 bytes)
Event: 9.752 Thread 0x000002097e6988d0 nmethod 1829 0x0000020907b59508 code [0x0000020907b59620, 0x0000020907b59878]
Event: 9.810 Thread 0x000002097e699780 1830       3       java.util.Collections$UnmodifiableCollection::contains (11 bytes)
Event: 9.810 Thread 0x000002097e699780 nmethod 1830 0x0000020900277508 code [0x0000020900277620, 0x0000020900277800]
Event: 9.892 Thread 0x000002097e699780 1831       3       java.util.concurrent.locks.AbstractQueuedSynchronizer$Node::setPrevRelaxed (12 bytes)
Event: 9.893 Thread 0x000002097e699780 nmethod 1831 0x0000020900277888 code [0x00000209002779a0, 0x0000020900277b08]
Event: 9.893 Thread 0x000002097e699780 1832       3       java.util.concurrent.locks.AbstractQueuedSynchronizer::casTail (13 bytes)
Event: 9.893 Thread 0x000002097e699780 nmethod 1832 0x0000020900277b88 code [0x0000020900277ca0, 0x0000020900277e18]
Event: 9.943 Thread 0x000002097e699780 1833       3       java.util.concurrent.locks.AbstractQueuedSynchronizer$Node::clearStatus (12 bytes)
Event: 9.944 Thread 0x000002097e699780 nmethod 1833 0x0000020900277e88 code [0x0000020900277fa0, 0x00000209002780f8]
Event: 9.993 Thread 0x000002097e699780 1834       3       java.util.LinkedList$ListItr::hasNext (20 bytes)
Event: 9.993 Thread 0x000002097e699780 nmethod 1834 0x0000020900278188 code [0x00000209002782a0, 0x0000020900278410]
Event: 10.076 Thread 0x000002097e699780 1835   !   3       java.util.concurrent.locks.AbstractQueuedSynchronizer::tryInitializeHead (66 bytes)
Event: 10.077 Thread 0x000002097e699780 nmethod 1835 0x0000020900278488 code [0x0000020900278600, 0x0000020900278bb0]
Event: 10.212 Thread 0x000002097e699780 1837       3       jdk.internal.misc.InternalLock::unlock (8 bytes)
Event: 10.212 Thread 0x000002097e699780 nmethod 1837 0x0000020900278c08 code [0x0000020900278d60, 0x0000020900279128]
Event: 10.249 Thread 0x000002097e699780 1838       1       java.lang.reflect.Method::getModifiers (5 bytes)
Event: 10.249 Thread 0x000002097e699780 nmethod 1838 0x0000020907b59c88 code [0x0000020907b59da0, 0x0000020907b59e68]

GC Heap History (2 events):
Event: 1.404 GC heap before
{Heap before GC invocations=0 (full 0):
 garbage-first heap   total reserved 4116480K, committed 258048K, used 22528K [0x0000000704c00000, 0x0000000800000000)
  region size 2048K, 12 young (24576K), 0 survivors (0K)
 Metaspace       used 9638K, committed 9856K, reserved 1114112K
  class space    used 750K, committed 832K, reserved 1048576K
}
Event: 1.416 GC heap after
{Heap after GC invocations=1 (full 0):
 garbage-first heap   total reserved 4116480K, committed 258048K, used 3413K [0x0000000704c00000, 0x0000000800000000)
  region size 2048K, 2 young (4096K), 2 survivors (4096K)
 Metaspace       used 9638K, committed 9856K, reserved 1114112K
  class space    used 750K, committed 832K, reserved 1048576K
}

Dll operation events (19 events):
Event: 0.011 Loaded shared library C:\Program Files\Java\jdk-23\bin\java.dll
Event: 0.049 Loaded shared library C:\Program Files\Java\jdk-23\bin\jsvml.dll
Event: 0.090 Loaded shared library C:\Program Files\Java\jdk-23\bin\zip.dll
Event: 0.093 Loaded shared library C:\Program Files\Java\jdk-23\bin\instrument.dll
Event: 0.099 Loaded shared library C:\Program Files\Java\jdk-23\bin\net.dll
Event: 0.100 Loaded shared library C:\Program Files\Java\jdk-23\bin\nio.dll
Event: 0.105 Loaded shared library C:\Program Files\Java\jdk-23\bin\zip.dll
Event: 0.121 Loaded shared library C:\Program Files\JetBrains\IntelliJ IDEA Community Edition 2024.2.3\bin\breakgen64.dll
Event: 0.130 Loaded shared library C:\Program Files\Java\jdk-23\bin\extnet.dll
Event: 0.145 Loaded shared library C:\Program Files\Java\jdk-23\bin\jimage.dll
Event: 0.158 Loaded shared library C:\Program Files\Java\jdk-23\bin\awt.dll
Event: 0.452 Loaded shared library C:\Users\cleme\AppData\Local\Temp\jogamp_0000\file_cache\jln9506090416278739180\jln5162552494146465940\natives\windows-amd64\gluegen_rt.dll
Event: 0.514 Loaded shared library C:\Program Files\Java\jdk-23\bin\jawt.dll
Event: 0.516 Loaded shared library C:\Users\cleme\AppData\Local\Temp\jogamp_0000\file_cache\jln9506090416278739180\jln5162552494146465940\natives\windows-amd64\nativewindow_awt.dll
Event: 0.546 Loaded shared library C:\Users\cleme\AppData\Local\Temp\jogamp_0000\file_cache\jln9506090416278739180\jln5162552494146465940\natives\windows-amd64\nativewindow_win32.dll
Event: 0.676 Loaded shared library C:\Users\cleme\AppData\Local\Temp\jogamp_0000\file_cache\jln9506090416278739180\jln5162552494146465940\natives\windows-amd64\jogl_desktop.dll
Event: 0.879 Loaded shared library C:\Users\cleme\AppData\Local\Temp\jogamp_0000\file_cache\jln9506090416278739180\jln5162552494146465940\natives\windows-amd64\jogl_mobile.dll
Event: 2.061 Loaded shared library C:\Program Files\Java\jdk-23\bin\freetype.dll
Event: 2.062 Loaded shared library C:\Program Files\Java\jdk-23\bin\fontmanager.dll

Deoptimization events (20 events):
Event: 3.463 Thread 0x0000020954beccd0 Uncommon trap: trap_request=0xffffff45 fr.pc=0x0000020907b4000c relative=0x000000000000008c
Event: 3.463 Thread 0x0000020954beccd0 Uncommon trap: reason=unstable_if action=reinterpret pc=0x0000020907b4000c method=java.util.ArrayList.indexOfRange(Ljava/lang/Object;II)I @ 45 c2
Event: 3.463 Thread 0x0000020954beccd0 DEOPT PACKING pc=0x0000020907b4000c sp=0x000000453bafe7c0
Event: 3.463 Thread 0x0000020954beccd0 DEOPT UNPACKING pc=0x0000020907587982 sp=0x000000453bafe668 mode 2
Event: 4.358 Thread 0x0000020954beccd0 Uncommon trap: trap_request=0xffffff45 fr.pc=0x0000020907b1db00 relative=0x0000000000000080
Event: 4.358 Thread 0x0000020954beccd0 Uncommon trap: reason=unstable_if action=reinterpret pc=0x0000020907b1db00 method=java.lang.invoke.MethodHandle.maybeCustomize()V @ 19 c2
Event: 4.358 Thread 0x0000020954beccd0 DEOPT PACKING pc=0x0000020907b1db00 sp=0x000000453bafe3a0
Event: 4.358 Thread 0x0000020954beccd0 DEOPT UNPACKING pc=0x0000020907587982 sp=0x000000453bafe328 mode 2
Event: 6.043 Thread 0x0000020954beccd0 Uncommon trap: trap_request=0xffffff45 fr.pc=0x0000020907b4a220 relative=0x0000000000000200
Event: 6.043 Thread 0x0000020954beccd0 Uncommon trap: reason=unstable_if action=reinterpret pc=0x0000020907b4a220 method=java.util.ArrayList.batchRemove(Ljava/util/Collection;ZII)Z @ 35 c2
Event: 6.043 Thread 0x0000020954beccd0 DEOPT PACKING pc=0x0000020907b4a220 sp=0x000000453bafe4c0
Event: 6.043 Thread 0x0000020954beccd0 DEOPT UNPACKING pc=0x0000020907587982 sp=0x000000453bafe448 mode 2
Event: 9.194 Thread 0x0000020954beccd0 Uncommon trap: trap_request=0xffffff5c fr.pc=0x0000020907b56ae8 relative=0x0000000000000068
Event: 9.195 Thread 0x0000020954beccd0 Uncommon trap: reason=speculate_null_check action=make_not_entrant pc=0x0000020907b56ae8 method=jdk.internal.misc.Unsafe.getIntUnaligned(Ljava/lang/Object;JZ)I @ 5 c2
Event: 9.195 Thread 0x0000020954beccd0 DEOPT PACKING pc=0x0000020907b56ae8 sp=0x000000453bafe2f0
Event: 9.195 Thread 0x0000020954beccd0 DEOPT UNPACKING pc=0x0000020907587982 sp=0x000000453bafe248 mode 2
Event: 10.223 Thread 0x000002095463fd90 Uncommon trap: trap_request=0xffffff45 fr.pc=0x0000020907b53524 relative=0x0000000000000104
Event: 10.223 Thread 0x000002095463fd90 Uncommon trap: reason=unstable_if action=reinterpret pc=0x0000020907b53524 method=com.jogamp.common.util.IntIntHashMap.put(II)I @ 21 c2
Event: 10.223 Thread 0x000002095463fd90 DEOPT PACKING pc=0x0000020907b53524 sp=0x000000453bbfed80
Event: 10.223 Thread 0x000002095463fd90 DEOPT UNPACKING pc=0x0000020907587982 sp=0x000000453bbfece8 mode 2

Classes loaded (20 events):
Event: 3.995 Loading class java/lang/Math$RandomNumberGeneratorHolder
Event: 3.996 Loading class java/lang/Math$RandomNumberGeneratorHolder done
Event: 4.960 Loading class sun/awt/DebugSettings
Event: 4.960 Loading class sun/awt/DebugSettings done
Event: 4.961 Loading class javax/swing/JComponent$KeyboardState
Event: 4.961 Loading class javax/swing/JComponent$KeyboardState done
Event: 4.961 Loading class javax/swing/JComponent$IntVector
Event: 4.961 Loading class javax/swing/JComponent$IntVector done
Event: 4.961 Loading class javax/swing/JInternalFrame
Event: 4.963 Loading class javax/swing/JInternalFrame done
Event: 4.963 Loading class javax/swing/KeyboardManager
Event: 4.963 Loading class javax/swing/KeyboardManager done
Event: 4.963 Loading class javax/swing/Popup$HeavyWeightWindow
Event: 4.963 Loading class sun/awt/ModalExclude
Event: 4.963 Loading class sun/awt/ModalExclude done
Event: 4.963 Loading class javax/swing/JWindow
Event: 4.963 Loading class javax/swing/JWindow done
Event: 4.963 Loading class javax/swing/Popup$HeavyWeightWindow done
Event: 10.213 Loading class java/nio/channels/ClosedChannelException
Event: 10.213 Loading class java/nio/channels/ClosedChannelException done

Classes unloaded (0 events):
No events

Classes redefined (0 events):
No events

Internal exceptions (20 events):
Event: 0.335 Thread 0x000002096e662a40 Exception <a 'java/lang/NoSuchMethodError'{0x000000071410f6b8}: 'java.lang.Object java.lang.invoke.DirectMethodHandle$Holder.invokeStatic(java.lang.Object, long, java.lang.Object)'> (0x000000071410f6b8) 
thrown [s\open\src\hotspot\share\interpreter\linkResolver.cpp, line 796]
Event: 0.335 Thread 0x000002096e662a40 Exception <a 'java/lang/NoSuchMethodError'{0x0000000714112e88}: 'java.lang.Object java.lang.invoke.DirectMethodHandle$Holder.invokeStaticInit(java.lang.Object, long, java.lang.Object)'> (0x0000000714112e88) 
thrown [s\open\src\hotspot\share\interpreter\linkResolver.cpp, line 796]
Event: 0.455 Thread 0x000002096e662a40 Exception <a 'java/lang/NoSuchMethodError'{0x0000000714151010}: 'int java.lang.invoke.DirectMethodHandle$Holder.invokeStatic(java.lang.Object)'> (0x0000000714151010) 
thrown [s\open\src\hotspot\share\interpreter\linkResolver.cpp, line 796]
Event: 0.456 Thread 0x000002096e662a40 Exception <a 'java/lang/NoSuchMethodError'{0x0000000714154538}: 'int java.lang.invoke.DelegatingMethodHandle$Holder.reinvoke_L(java.lang.Object)'> (0x0000000714154538) 
thrown [s\open\src\hotspot\share\interpreter\linkResolver.cpp, line 796]
Event: 0.680 Thread 0x000002096e662a40 Exception <a 'java/lang/NoSuchMethodError'{0x00000007138be3c0}: 'long java.lang.invoke.DelegatingMethodHandle$Holder.reinvoke_L(java.lang.Object, java.lang.Object)'> (0x00000007138be3c0) 
thrown [s\open\src\hotspot\share\interpreter\linkResolver.cpp, line 796]
Event: 0.681 Thread 0x000002096e662a40 Exception <a 'java/lang/NoSuchMethodError'{0x00000007138c8338}: 'void java.lang.invoke.DelegatingMethodHandle$Holder.reinvoke_L(java.lang.Object, java.lang.Object, long)'> (0x00000007138c8338) 
thrown [s\open\src\hotspot\share\interpreter\linkResolver.cpp, line 796]
Event: 1.483 Thread 0x000002095463fd90 Exception <a 'java/lang/NoSuchMethodError'{0x000000071451f768}: 'void java.lang.invoke.DirectMethodHandle$Holder.invokeSpecial(java.lang.Object, java.lang.Object, java.lang.Object)'> (0x000000071451f768) 
thrown [s\open\src\hotspot\share\interpreter\linkResolver.cpp, line 796]
Event: 1.493 Thread 0x000002095463fd90 Exception <a 'java/lang/NoSuchMethodError'{0x0000000714535de8}: 'long java.lang.invoke.Invokers$Holder.invokeExact_MT(java.lang.Object, java.lang.Object, java.lang.Object)'> (0x0000000714535de8) 
thrown [s\open\src\hotspot\share\interpreter\linkResolver.cpp, line 796]
Event: 2.007 Thread 0x000002096e662a40 Exception <a 'java/lang/NoSuchMethodError'{0x0000000713ce3a20}: 'java.lang.Object java.lang.invoke.DirectMethodHandle$Holder.invokeStatic(java.lang.Object, int, java.lang.Object)'> (0x0000000713ce3a20) 
thrown [s\open\src\hotspot\share\interpreter\linkResolver.cpp, line 796]
Event: 2.028 Thread 0x000002096e662a40 Exception <a 'java/lang/ClassNotFoundException'{0x0000000713d89ef0}: com/sun/swing/internal/plaf/metal/resources/spi/metalProvider> (0x0000000713d89ef0) 
thrown [s\open\src\hotspot\share\classfile\systemDictionary.cpp, line 313]
Event: 2.028 Thread 0x000002096e662a40 Exception <a 'java/lang/ClassNotFoundException'{0x0000000713d8ded0}: com/sun/swing/internal/plaf/basic/resources/spi/basicProvider> (0x0000000713d8ded0) 
thrown [s\open\src\hotspot\share\classfile\systemDictionary.cpp, line 313]
Event: 2.035 Thread 0x000002096e662a40 Exception <a 'java/lang/NoSuchMethodError'{0x0000000713da9448}: 'int java.lang.invoke.Invokers$Holder.invokeExact_MT(java.lang.Object, java.lang.Object)'> (0x0000000713da9448) 
thrown [s\open\src\hotspot\share\interpreter\linkResolver.cpp, line 796]
Event: 2.036 Thread 0x000002096e662a40 Implicit null exception at 0x0000020907b15e89 to 0x0000020907b160d8
Event: 2.036 Thread 0x000002096e662a40 Implicit null exception at 0x0000020907b09489 to 0x0000020907b096e0
Event: 2.043 Thread 0x0000020954583cf0 Exception <a 'java/lang/NoSuchMethodError'{0x0000000713dcb8e0}: 'void java.lang.invoke.DirectMethodHandle$Holder.invokeVirtual(java.lang.Object, java.lang.Object)'> (0x0000000713dcb8e0) 
thrown [s\open\src\hotspot\share\interpreter\linkResolver.cpp, line 796]
Event: 2.057 Thread 0x000002096e662a40 Exception <a 'java/lang/NoSuchMethodError'{0x0000000713a0b3b8}: 'void java.lang.invoke.DirectMethodHandle$Holder.invokeStaticInit(java.lang.Object)'> (0x0000000713a0b3b8) 
thrown [s\open\src\hotspot\share\interpreter\linkResolver.cpp, line 796]
Event: 2.088 Thread 0x000002096e662a40 Exception <a 'java/lang/NoSuchMethodError'{0x0000000713a77990}: 'java.lang.Object java.lang.invoke.DirectMethodHandle$Holder.invokeStatic(java.lang.Object, java.lang.Object, int)'> (0x0000000713a77990) 
thrown [s\open\src\hotspot\share\interpreter\linkResolver.cpp, line 796]
Event: 2.089 Thread 0x000002096e662a40 Implicit null exception at 0x0000020907b105aa to 0x0000020907b10870
Event: 2.090 Thread 0x000002096e662a40 Exception <a 'java/lang/NoSuchMethodError'{0x0000000713a8dd50}: 'java.lang.Object java.lang.invoke.DirectMethodHandle$Holder.invokeStatic(java.lang.Object, java.lang.Object, java.lang.Object, java.lang.Object, int)'> (0x0000000713a8dd50) 
thrown [s\open\src\hotspot\share\interpreter\linkResolver.cpp, line 796]
Event: 10.223 Thread 0x000002095463fd90 Implicit null exception at 0x0000020907b53467 to 0x0000020907b53500

VM Operations (15 events):
Event: 0.205 Executing VM operation: HandshakeAllThreads (Deoptimize)
Event: 0.205 Executing VM operation: HandshakeAllThreads (Deoptimize) done
Event: 0.216 Executing VM operation: HandshakeAllThreads (Deoptimize)
Event: 0.216 Executing VM operation: HandshakeAllThreads (Deoptimize) done
Event: 0.243 Executing VM operation: HandshakeAllThreads (Deoptimize)
Event: 0.243 Executing VM operation: HandshakeAllThreads (Deoptimize) done
Event: 0.444 Executing VM operation: HandshakeAllThreads (Deoptimize)
Event: 0.444 Executing VM operation: HandshakeAllThreads (Deoptimize) done
Event: 0.537 Executing VM operation: HandshakeAllThreads (Deoptimize)
Event: 0.537 Executing VM operation: HandshakeAllThreads (Deoptimize) done
Event: 1.404 Executing VM operation: G1CollectForAllocation (G1 Evacuation Pause)
Event: 1.416 Executing VM operation: G1CollectForAllocation (G1 Evacuation Pause) done
Event: 2.157 Executing VM operation: HandshakeAllThreads (Deoptimize)
Event: 2.157 Executing VM operation: HandshakeAllThreads (Deoptimize) done
Event: 10.330 Executing VM operation: Exit

Memory protections (0 events):
No events

Nmethod flushes (0 events):
No events

Events (20 events):
Event: 0.534 Thread 0x000002096e662a40 Thread added: 0x00000209545ac570
Event: 0.687 Thread 0x000002096e662a40 Thread added: 0x000002095463fd90
Event: 1.544 Thread 0x00000209545ac570 Thread exited: 0x00000209545ac570
Event: 1.545 Thread 0x0000020954580c40 Thread exited: 0x0000020954580c40
Event: 2.038 Thread 0x0000020954583cf0 Thread added: 0x0000020954bec660
Event: 2.044 Thread 0x0000020954583cf0 Thread added: 0x0000020954beccd0
Event: 2.163 Thread 0x000002096e662a40 Thread added: 0x0000020956545120
Event: 2.163 Thread 0x000002096e662a40 Thread exited: 0x000002096e662a40
Event: 2.163 Thread 0x000002096e662a40 Thread added: 0x000002096e662a40
Event: 10.212 Thread 0x0000020954beccd0 Thread added: 0x0000020954250af0
Event: 10.212 Thread 0x0000020954beccd0 Thread added: 0x0000020956ea1880
Event: 10.212 Thread 0x0000020954beccd0 Thread added: 0x0000020956ea25a0
Event: 10.212 Thread 0x0000020954beccd0 Thread added: 0x0000020956ea32c0
Event: 10.214 Thread 0x0000020954250af0 Thread exited: 0x0000020954250af0
Event: 10.214 Thread 0x0000020956ea25a0 Thread exited: 0x0000020956ea25a0
Event: 10.246 Thread 0x000002095463fd90 Thread exited: 0x000002095463fd90
Event: 10.249 Thread 0x0000020956ea1880 Thread exited: 0x0000020956ea1880
Event: 10.319 Thread 0x0000020954583cf0 Thread exited: 0x0000020954583cf0
Event: 10.329 Thread 0x0000020956ea32c0 Thread exited: 0x0000020956ea32c0
Event: 10.329 Thread 0x0000020954beccd0 Before exit entered


Dynamic libraries:
0x00007ff654510000 - 0x00007ff654520000 	C:\Program Files\Java\jdk-23\bin\java.exe
0x00007fff86f50000 - 0x00007fff87167000 	C:\WINDOWS\SYSTEM32\ntdll.dll
0x00007fff86c40000 - 0x00007fff86d04000 	C:\WINDOWS\System32\KERNEL32.DLL
0x00007fff84460000 - 0x00007fff8481a000 	C:\WINDOWS\System32\KERNELBASE.dll
0x00007fff84a10000 - 0x00007fff84b21000 	C:\WINDOWS\System32\ucrtbase.dll
0x00007fff6ab70000 - 0x00007fff6ab8b000 	C:\Program Files\Java\jdk-23\bin\VCRUNTIME140.dll
0x00007fff5fab0000 - 0x00007fff5fac7000 	C:\Program Files\Java\jdk-23\bin\jli.dll
0x00007fff86140000 - 0x00007fff862ee000 	C:\WINDOWS\System32\USER32.dll
0x00007fff73230000 - 0x00007fff734c2000 	C:\WINDOWS\WinSxS\amd64_microsoft.windows.common-controls_6595b64144ccf1df_6.0.22621.4541_none_2710d1c57384c085\COMCTL32.dll
0x00007fff84370000 - 0x00007fff84396000 	C:\WINDOWS\System32\win32u.dll
0x00007fff86ab0000 - 0x00007fff86b57000 	C:\WINDOWS\System32\msvcrt.dll
0x00007fff866f0000 - 0x00007fff86719000 	C:\WINDOWS\System32\GDI32.dll
0x00007fff84220000 - 0x00007fff8433b000 	C:\WINDOWS\System32\gdi32full.dll
0x00007fff84b30000 - 0x00007fff84bca000 	C:\WINDOWS\System32\msvcp_win.dll
0x00007fff84c50000 - 0x00007fff84c81000 	C:\WINDOWS\System32\IMM32.DLL
0x00007fff7d780000 - 0x00007fff7d78c000 	C:\Program Files\Java\jdk-23\bin\vcruntime140_1.dll
0x00007fff51470000 - 0x00007fff514fe000 	C:\Program Files\Java\jdk-23\bin\msvcp140.dll
0x00007ffee34d0000 - 0x00007ffee421f000 	C:\Program Files\Java\jdk-23\bin\server\jvm.dll
0x00007fff85dc0000 - 0x00007fff85e72000 	C:\WINDOWS\System32\ADVAPI32.dll
0x00007fff86540000 - 0x00007fff865e7000 	C:\WINDOWS\System32\sechost.dll
0x00007fff84340000 - 0x00007fff84368000 	C:\WINDOWS\System32\bcrypt.dll
0x00007fff86000000 - 0x00007fff86114000 	C:\WINDOWS\System32\RPCRT4.dll
0x00007fff85250000 - 0x00007fff852c1000 	C:\WINDOWS\System32\WS2_32.dll
0x00007fff83e70000 - 0x00007fff83ebd000 	C:\WINDOWS\SYSTEM32\POWRPROF.dll
0x00007fff7f370000 - 0x00007fff7f37a000 	C:\WINDOWS\SYSTEM32\VERSION.dll
0x00007fff7f080000 - 0x00007fff7f0b4000 	C:\WINDOWS\SYSTEM32\WINMM.dll
0x00007fff83c70000 - 0x00007fff83c83000 	C:\WINDOWS\SYSTEM32\UMPDC.dll
0x00007fff83220000 - 0x00007fff83238000 	C:\WINDOWS\SYSTEM32\kernel.appcore.dll
0x00007fff6aa30000 - 0x00007fff6aa3a000 	C:\Program Files\Java\jdk-23\bin\jimage.dll
0x00007fff81540000 - 0x00007fff81772000 	C:\WINDOWS\SYSTEM32\DBGHELP.DLL
0x00007fff86720000 - 0x00007fff86aaf000 	C:\WINDOWS\System32\combase.dll
0x00007fff86b60000 - 0x00007fff86c37000 	C:\WINDOWS\System32\OLEAUT32.dll
0x00007fff73800000 - 0x00007fff73832000 	C:\WINDOWS\SYSTEM32\dbgcore.DLL
0x00007fff84990000 - 0x00007fff84a0b000 	C:\WINDOWS\System32\bcryptPrimitives.dll
0x00007fff69960000 - 0x00007fff6996f000 	C:\Program Files\Java\jdk-23\bin\instrument.dll
0x00007fff5eb50000 - 0x00007fff5eb6e000 	C:\Program Files\Java\jdk-23\bin\java.dll
0x00007fff86d60000 - 0x00007fff86f05000 	C:\WINDOWS\System32\ole32.dll
0x00007fff854e0000 - 0x00007fff85d58000 	C:\WINDOWS\System32\SHELL32.dll
0x00007fff82110000 - 0x00007fff82a18000 	C:\WINDOWS\SYSTEM32\windows.storage.dll
0x00007fff81fd0000 - 0x00007fff8210f000 	C:\WINDOWS\SYSTEM32\wintypes.dll
0x00007fff85e80000 - 0x00007fff85f7a000 	C:\WINDOWS\System32\SHCORE.dll
0x00007fff85fa0000 - 0x00007fff85ffe000 	C:\WINDOWS\System32\shlwapi.dll
0x00007fff84150000 - 0x00007fff8417b000 	C:\WINDOWS\SYSTEM32\profapi.dll
0x00007fff13100000 - 0x00007fff131d7000 	C:\Program Files\Java\jdk-23\bin\jsvml.dll
0x00007fff53b20000 - 0x00007fff53b37000 	C:\Program Files\Java\jdk-23\bin\zip.dll
0x00007fff69800000 - 0x00007fff69810000 	C:\Program Files\Java\jdk-23\bin\net.dll
0x00007fff836a0000 - 0x00007fff83709000 	C:\WINDOWS\system32\mswsock.dll
0x00007fff51450000 - 0x00007fff51466000 	C:\Program Files\Java\jdk-23\bin\nio.dll
0x00007fff51430000 - 0x00007fff5144a000 	C:\Program Files\JetBrains\IntelliJ IDEA Community Edition 2024.2.3\bin\breakgen64.dll
0x00007fff67e60000 - 0x00007fff67e69000 	C:\Program Files\Java\jdk-23\bin\extnet.dll
0x00007fff06fb0000 - 0x00007fff0713e000 	C:\Program Files\Java\jdk-23\bin\awt.dll
0x00007fff7ea00000 - 0x00007fff7ea97000 	C:\WINDOWS\SYSTEM32\apphelp.dll
0x00007fff83910000 - 0x00007fff8392b000 	C:\WINDOWS\SYSTEM32\CRYPTSP.dll
0x00007fff83180000 - 0x00007fff831b5000 	C:\WINDOWS\system32\rsaenh.dll
0x00007fff83770000 - 0x00007fff83798000 	C:\WINDOWS\SYSTEM32\USERENV.dll
0x00007fff83930000 - 0x00007fff8393c000 	C:\WINDOWS\SYSTEM32\CRYPTBASE.dll
0x00007fff82c80000 - 0x00007fff82cad000 	C:\WINDOWS\SYSTEM32\IPHLPAPI.DLL
0x00007fff85190000 - 0x00007fff85199000 	C:\WINDOWS\System32\NSI.dll
0x00007fff4f7c0000 - 0x00007fff4f7d3000 	C:\Users\cleme\AppData\Local\Temp\jogamp_0000\file_cache\jln9506090416278739180\jln5162552494146465940\natives\windows-amd64\gluegen_rt.dll
0x00007fff81240000 - 0x00007fff812f1000 	C:\WINDOWS\system32\uxtheme.dll
0x00007fff85370000 - 0x00007fff854d1000 	C:\WINDOWS\System32\MSCTF.dll
0x00007fff65d30000 - 0x00007fff65d37000 	C:\Program Files\Java\jdk-23\bin\jawt.dll
0x00007fff64e10000 - 0x00007fff64e1d000 	C:\Users\cleme\AppData\Local\Temp\jogamp_0000\file_cache\jln9506090416278739180\jln5162552494146465940\natives\windows-amd64\nativewindow_awt.dll
0x00007fff81790000 - 0x00007fff817bb000 	C:\WINDOWS\system32\DWMAPI.DLL
0x00007fff6bf00000 - 0x00007fff6c000000 	C:\WINDOWS\system32\opengl32.dll
0x00007fff76370000 - 0x00007fff7639d000 	C:\WINDOWS\SYSTEM32\GLU32.dll
0x00007fff81400000 - 0x00007fff81437000 	C:\WINDOWS\SYSTEM32\dxcore.dll
0x00007fff42f60000 - 0x00007fff42f75000 	C:\Users\cleme\AppData\Local\Temp\jogamp_0000\file_cache\jln9506090416278739180\jln5162552494146465940\natives\windows-amd64\nativewindow_win32.dll
0x00007fff41aa0000 - 0x00007fff41b23000 	C:\Users\cleme\AppData\Local\Temp\jogamp_0000\file_cache\jln9506090416278739180\jln5162552494146465940\natives\windows-amd64\jogl_desktop.dll
0x00007fff40f80000 - 0x00007fff40fd2000 	C:\Users\cleme\AppData\Local\Temp\jogamp_0000\file_cache\jln9506090416278739180\jln5162552494146465940\natives\windows-amd64\jogl_mobile.dll
0x00007fff7be00000 - 0x00007fff7be49000 	C:\WINDOWS\SYSTEM32\directxdatabasehelper.dll
0x00007fff851a0000 - 0x00007fff85250000 	C:\WINDOWS\System32\clbcatq.dll
0x00007ffee2440000 - 0x00007ffee34c7000 	C:\WINDOWS\System32\DriverStore\FileRepository\iigd_dch.inf_amd64_e32ced29f236e322\igxelpicd64.dll
0x00007fff81440000 - 0x00007fff81537000 	C:\WINDOWS\system32\dxgi.dll
0x00007fff10ec0000 - 0x00007fff10ffc000 	C:\WINDOWS\System32\DriverStore\FileRepository\iigd_dch.inf_amd64_e32ced29f236e322\igdml64.dll
0x00007fff769d0000 - 0x00007fff76dd9000 	C:\WINDOWS\System32\DriverStore\FileRepository\iigd_dch.inf_amd64_e32ced29f236e322\igdgmm64.dll
0x00007fff83ee0000 - 0x00007fff83f0c000 	C:\WINDOWS\SYSTEM32\DEVOBJ.dll
0x00007fff83f10000 - 0x00007fff83f5e000 	C:\WINDOWS\SYSTEM32\cfgmgr32.dll
0x00007fff84bd0000 - 0x00007fff84c42000 	C:\WINDOWS\System32\WINTRUST.dll
0x00007fff84820000 - 0x00007fff84986000 	C:\WINDOWS\System32\CRYPT32.dll
0x00007fff83ec0000 - 0x00007fff83ed2000 	C:\WINDOWS\SYSTEM32\MSASN1.dll
0x00007fff6f660000 - 0x00007fff72df4000 	C:\WINDOWS\System32\DriverStore\FileRepository\iigd_dch.inf_amd64_e32ced29f236e322\igc64.dll
0x00007fff133d0000 - 0x00007fff13457000 	C:\Program Files\Java\jdk-23\bin\freetype.dll
0x00007fff102e0000 - 0x00007fff103b7000 	C:\Program Files\Java\jdk-23\bin\fontmanager.dll
0x00007fff7a110000 - 0x00007fff7a255000 	C:\WINDOWS\SYSTEM32\textinputframework.dll
0x00007fff55940000 - 0x00007fff559a9000 	C:\WINDOWS\system32\Oleacc.dll
0x00007fff7e630000 - 0x00007fff7e763000 	C:\WINDOWS\SYSTEM32\CoreMessaging.dll
0x00007fff7b940000 - 0x00007fff7bcad000 	C:\WINDOWS\SYSTEM32\CoreUIComponents.dll

dbghelp: loaded successfully - version: 4.0.5 - missing functions: none
symbol engine: initialized successfully - sym options: 0x614 - pdb path: .;C:\Program Files\Java\jdk-23\bin;C:\WINDOWS\SYSTEM32;C:\WINDOWS\WinSxS\amd64_microsoft.windows.common-controls_6595b64144ccf1df_6.0.22621.4541_none_2710d1c57384c085;C:\Program Files\Java\jdk-23\bin\server;C:\Program Files\JetBrains\IntelliJ IDEA Community Edition 2024.2.3\bin;C:\Users\cleme\AppData\Local\Temp\jogamp_0000\file_cache\jln9506090416278739180\jln5162552494146465940\natives\windows-amd64;C:\WINDOWS\System32\DriverStore\FileRepository\iigd_dch.inf_amd64_e32ced29f236e322

VM Arguments:
jvm_args: --add-exports=java.base/java.lang=ALL-UNNAMED --add-exports=java.desktop/sun.awt=ALL-UNNAMED --add-exports=java.desktop/sun.java2d=ALL-UNNAMED -javaagent:C:\Program Files\JetBrains\IntelliJ IDEA Community Edition 2024.2.3\lib\idea_rt.jar=53615:C:\Program Files\JetBrains\IntelliJ IDEA Community Edition 2024.2.3\bin -Dfile.encoding=UTF-8 -Dsun.stdout.encoding=UTF-8 -Dsun.stderr.encoding=UTF-8 
java_command: MainGL
java_class_path (initial): C:\Users\cleme\Documents\COURS\3me Anne\JAVA\Space\out\production\Space;C:\Users\cleme\IdeaProjects\jogamp-all-platforms\jar\gluegen-rt.jar;C:\Users\cleme\IdeaProjects\jogamp-all-platforms\jar\jogl-all.jar
Launcher Type: SUN_STANDARD

[Global flags]
     intx CICompilerCount                          = 4                                         {product} {ergonomic}
     uint ConcGCThreads                            = 2                                         {product} {ergonomic}
     uint G1ConcRefinementThreads                  = 8                                         {product} {ergonomic}
   size_t G1HeapRegionSize                         = 2097152                                   {product} {ergonomic}
   size_t InitialHeapSize                          = 264241152                                 {product} {ergonomic}
   size_t MarkStackSize                            = 4194304                                   {product} {ergonomic}
   size_t MarkStackSizeMax                         = 536870912                                 {product} {ergonomic}
   size_t MaxHeapSize                              = 4215275520                                {product} {ergonomic}
   size_t MaxNewSize                               = 2529165312                                {product} {ergonomic}
   size_t MinHeapDeltaBytes                        = 2097152                                   {product} {ergonomic}
   size_t MinHeapSize                              = 8388608                                   {product} {ergonomic}
    uintx NonNMethodCodeHeapSize                   = 5832704                                {pd product} {ergonomic}
    uintx NonProfiledCodeHeapSize                  = 122945536                              {pd product} {ergonomic}
    uintx ProfiledCodeHeapSize                     = 122880000                              {pd product} {ergonomic}
    uintx ReservedCodeCacheSize                    = 251658240                              {pd product} {ergonomic}
     bool SegmentedCodeCache                       = true                                      {product} {ergonomic}
   size_t SoftMaxHeapSize                          = 4215275520                             {manageable} {ergonomic}
     bool UseCompressedOops                        = true                           {product lp64_product} {ergonomic}
     bool UseG1GC                                  = true                                      {product} {ergonomic}
     bool UseLargePagesIndividualAllocation        = false                                  {pd product} {ergonomic}

Logging:
Log output configuration:
 #0: stdout all=off uptime,level,tags foldmultilines=false
 #1: stderr all=off uptime,level,tags foldmultilines=false

Environment Variables:
PATH=C:\Program Files\Common Files\Oracle\Java\javapath;C:\Program Files\Microsoft\jdk-11.0.16.101-hotspot\bin;C:\WINDOWS\system32;C:\WINDOWS;C:\WINDOWS\System32\Wbem;C:\WINDOWS\System32\WindowsPowerShell\v1.0\;C:\WINDOWS\System32\OpenSSH\;C:\Program Files\Git\cmd;C:\Program Files\Microsoft SQL Server\150\Tools\Binn\;C:\Program Files\Microsoft SQL Server\Client SDK\ODBC\170\Tools\Binn\;C:\Program Files\dotnet\;C:\Program Files\nodejs\;C:\Users\cleme\AppData\Local\Microsoft\WindowsApps;C:\Users\cleme\AppData\Local\Programs\Microsoft VS Code\bin;C:\Users\cleme\AppData\Local\GitHubDesktop\bin;C:\Users\cleme\.dotnet\tools;C:\laragon\bin\php\php-8.1.10-Win32-vs16-x64;C:\Users\cleme\AppData\Local\ComposerSetup\bin;C:\Users\cleme\AppData\Roaming\Composer\vendor\bin;C:\Users\cleme\AppData\Local\Microsoft\WinGet\Packages\Schniz.fnm_Microsoft.Winget.Source_8wekyb3d8bbwe;C:\Users\cleme\AppData\Roaming\npm;C:\Program Files (x86)\Nmap
USERNAME=cleme
OS=Windows_NT
PROCESSOR_IDENTIFIER=Intel64 Family 6 Model 140 Stepping 1, GenuineIntel
TMP=C:\Users\cleme\AppData\Local\Temp
TEMP=C:\Users\cleme\AppData\Local\Temp




Periodic native trim disabled

---------------  S Y S T E M  ---------------

OS:
 Windows 11 , 64 bit Build 22621 (10.0.22621.4391)
OS uptime: 19 days 9:49 hours
Hyper-V role detected

CPU: total 8 (initial active 8) (4 cores per cpu, 2 threads per core) family 6 model 140 stepping 1 microcode 0x86, cx8, cmov, fxsr, ht, mmx, 3dnowpref, sse, sse2, sse3, ssse3, sse4.1, sse4.2, popcnt, lzcnt, tsc, tscinvbit, avx, avx2, aes, erms, clmul, bmi1, bmi2, adx, avx512f, avx512dq, avx512cd, avx512bw, avx512vl, sha, fma, vzeroupper, avx512_vpopcntdq, avx512_vpclmulqdq, avx512_vaes, avx512_vnni, clflush, clflushopt, clwb, avx512_vbmi2, avx512_vbmi, hv, rdtscp, rdpid, fsrm, gfni, avx512_bitalg, f16c, cet_ibt, cet_ss, avx512_ifma
Processor Information for processor 0
  Max Mhz: 2803, Current Mhz: 2803, Mhz Limit: 2803
Processor Information for processor 1
  Max Mhz: 2803, Current Mhz: 1001, Mhz Limit: 2803
Processor Information for processor 2
  Max Mhz: 2803, Current Mhz: 2803, Mhz Limit: 2803
Processor Information for processor 3
  Max Mhz: 2803, Current Mhz: 2803, Mhz Limit: 2803
Processor Information for processor 4
  Max Mhz: 2803, Current Mhz: 2803, Mhz Limit: 2803
Processor Information for processor 5
  Max Mhz: 2803, Current Mhz: 2803, Mhz Limit: 2803
Processor Information for processor 6
  Max Mhz: 2803, Current Mhz: 2803, Mhz Limit: 2803
Processor Information for processor 7
  Max Mhz: 2803, Current Mhz: 2803, Mhz Limit: 2803

Memory: 4k page, system-wide physical 16075M (5904M free)
TotalPageFile size 22341M (AvailPageFile size 9321M)
current process WorkingSet (physical memory assigned to process): 257M, peak: 305M
current process commit charge ("private bytes"): 447M, peak: 482M

vm_info: Java HotSpot(TM) 64-Bit Server VM (23+37-2369) for windows-amd64 JRE (23+37-2369), built on 2024-08-20T16:01:23Z with MS VC++ 17.6 (VS2022)

END.
